<?xml version="1.0" encoding="UTF-8"?>
<testng-results ignored="0" total="1" passed="1" failed="0" skipped="0">
  <reporter-output>
  </reporter-output>
  <suite started-at="2023-12-27T17:00:22 IST" name="Default suite" finished-at="2023-12-27T17:00:29 IST" duration-ms="7144">
    <groups>
    </groups>
    <test started-at="2023-12-27T17:00:22 IST" name="Default test" finished-at="2023-12-27T17:00:29 IST" duration-ms="7144">
      <class name="testcases.LoginClass">
        <test-method is-config="true" signature="setUp()[pri:0, instance:testcases.LoginClass@3012646b]" started-at="2023-12-27T17:00:22 IST" name="setUp" finished-at="2023-12-27T17:00:27 IST" duration-ms="5070" status="PASS">
          <reporter-output>
          </reporter-output>
        </test-method> <!-- setUp -->
        <test-method signature="AddToCart()[pri:0, instance:testcases.LoginClass@3012646b]" started-at="2023-12-27T17:00:27 IST" name="AddToCart" finished-at="2023-12-27T17:00:29 IST" duration-ms="2000" status="PASS">
          <reporter-output>
          </reporter-output>
        </test-method> <!-- AddToCart -->
        <test-method is-config="true" signature="tearDown()[pri:0, instance:testcases.LoginClass@3012646b]" started-at="2023-12-27T17:00:29 IST" name="tearDown" finished-at="2023-12-27T17:00:29 IST" duration-ms="1" status="PASS">
          <reporter-output>
          </reporter-output>
        </test-method> <!-- tearDown -->
      </class> <!-- testcases.LoginClass -->
    </test> <!-- Default test -->
  </suite> <!-- Default suite -->
</testng-results>
