<?xml version="1.0" encoding="UTF-8"?>
<!-- Generated by org.testng.reporters.JUnitXMLReporter -->
<testsuite ignored="2" hostname="GGKU5HP2158" failures="0" tests="1" name="Default test" time="7.144" errors="0" timestamp="2023-12-27T17:00:29 IST">
  <testcase classname="testcases.LoginClass" name="AddToCart" time="2.0"/>
  <testcase classname="testcases.LoginClass" name="LoginSuccess" time="0.0">
    <ignored/>
  </testcase> <!-- LoginSuccess -->
  <testcase classname="testcases.LoginClass" name="LoginFailure" time="0.0">
    <ignored/>
  </testcase> <!-- LoginFailure -->
</testsuite> <!-- Default test -->
