<?xml version="1.0" encoding="UTF-8"?>
<!-- Generated by org.testng.reporters.JUnitXMLReporter -->
<testsuite ignored="4" hostname="GGKU5HP2158" failures="0" tests="2" name="Test" time="0.083" errors="0" timestamp="20 Nov 2023 04:28:30 GMT">
  <testcase classname="testng.CardTest" name="TC00_CreditCardTest" time="0.013"/>
  <testcase classname="testng.LoanTest" name="TC01_HomeLoanTest" time="0.002"/>
  <testcase classname="testng.BaseClass" name="@AfterTest Method4" time="0.0">
    <ignored/>
  </testcase> <!-- @AfterTest Method4 -->
  <testcase classname="testng.LoanTest" name="TC02_CarLoanTest" time="0.0">
    <ignored/>
  </testcase> <!-- TC02_CarLoanTest -->
  <testcase classname="testng.LoanTest" name="TC00_PersonalLoanTest" time="0.0">
    <ignored/>
  </testcase> <!-- TC00_PersonalLoanTest -->
  <testcase classname="testng.BaseClass" name="@BeforeTest Method3" time="0.0">
    <ignored/>
  </testcase> <!-- @BeforeTest Method3 -->
</testsuite> <!-- Test -->
