<?xml version="1.0" encoding="UTF-8"?>
<testng-results ignored="2" total="4" passed="2" failed="0" skipped="0">
  <reporter-output>
  </reporter-output>
  <suite started-at="2023-11-20T04:29:20Z" name="Sanity Suite" finished-at="2023-11-20T04:29:20Z" duration-ms="94">
    <groups>
      <group name="sanity">
        <method signature="CardTest.TC00_CreditCardTest()[pri:0, instance:testng.CardTest@37f1104d]" name="TC00_CreditCardTest" class="testng.CardTest"/>
        <method signature="LoanTest.TC00_PersonalLoanTest()[pri:0, instance:testng.LoanTest@55740540]" name="TC00_PersonalLoanTest" class="testng.LoanTest"/>
      </group> <!-- sanity -->
    </groups>
    <test started-at="2023-11-20T04:29:20Z" name="Test" finished-at="2023-11-20T04:29:20Z" duration-ms="94">
      <class name="testng.CardTest">
        <test-method signature="TC00_CreditCardTest()[pri:0, instance:testng.CardTest@37f1104d]" started-at="2023-11-20T04:29:20Z" name="TC00_CreditCardTest" finished-at="2023-11-20T04:29:20Z" duration-ms="27" status="PASS">
          <reporter-output>
          </reporter-output>
        </test-method> <!-- TC00_CreditCardTest -->
      </class> <!-- testng.CardTest -->
      <class name="testng.LoanTest">
        <test-method signature="TC00_PersonalLoanTest()[pri:0, instance:testng.LoanTest@55740540]" started-at="2023-11-20T04:29:20Z" name="TC00_PersonalLoanTest" finished-at="2023-11-20T04:29:20Z" duration-ms="3" status="PASS">
          <reporter-output>
          </reporter-output>
        </test-method> <!-- TC00_PersonalLoanTest -->
      </class> <!-- testng.LoanTest -->
    </test> <!-- Test -->
  </suite> <!-- Sanity Suite -->
</testng-results>
