<?xml version="1.0" encoding="UTF-8"?>
<!-- Generated by org.testng.reporters.JUnitXMLReporter -->
<testsuite ignored="2" hostname="GGKU5HP2158" failures="0" tests="2" name="Test" time="0.094" errors="0" timestamp="20 Nov 2023 04:29:20 GMT">
  <testcase classname="testng.CardTest" name="TC00_CreditCardTest" time="0.027"/>
  <testcase classname="testng.LoanTest" name="TC00_PersonalLoanTest" time="0.003"/>
  <testcase classname="testng.LoanTest" name="TC01_HomeLoanTest" time="0.0">
    <ignored/>
  </testcase> <!-- TC01_HomeLoanTest -->
  <testcase classname="testng.LoanTest" name="TC02_CarLoanTest" time="0.0">
    <ignored/>
  </testcase> <!-- TC02_CarLoanTest -->
</testsuite> <!-- Test -->
