<?xml version="1.0" encoding="UTF-8"?>
<testng-results ignored="0" total="2" passed="2" failed="0" skipped="0">
  <reporter-output>
  </reporter-output>
  <suite started-at="2023-11-29T12:49:28Z" name="Default suite" finished-at="2023-11-29T12:50:37Z" duration-ms="68711">
    <groups>
    </groups>
    <test started-at="2023-11-29T12:49:28Z" name="Default test" finished-at="2023-11-29T12:50:37Z" duration-ms="68711">
      <class name="testcases.LoginTest">
        <test-method is-config="true" signature="SetUp()[pri:0, instance:testcases.LoginTest@5ddcc487]" started-at="2023-11-29T12:49:28Z" name="SetUp" finished-at="2023-11-29T12:49:43Z" duration-ms="15280" status="PASS">
          <reporter-output>
          </reporter-output>
        </test-method> <!-- SetUp -->
        <test-method signature="LoginFailiureTest()[pri:0, instance:testcases.LoginTest@5ddcc487]" started-at="2023-11-29T12:49:43Z" name="LoginFailiureTest" finished-at="2023-11-29T12:50:14Z" duration-ms="30940" status="PASS">
          <reporter-output>
          </reporter-output>
        </test-method> <!-- LoginFailiureTest -->
        <test-method is-config="true" signature="TearDown()[pri:0, instance:testcases.LoginTest@5ddcc487]" started-at="2023-11-29T12:50:14Z" name="TearDown" finished-at="2023-11-29T12:50:14Z" duration-ms="198" status="PASS">
          <reporter-output>
          </reporter-output>
        </test-method> <!-- TearDown -->
        <test-method is-config="true" signature="SetUp()[pri:0, instance:testcases.LoginTest@5ddcc487]" started-at="2023-11-29T12:50:14Z" name="SetUp" finished-at="2023-11-29T12:50:23Z" duration-ms="8679" status="PASS">
          <reporter-output>
          </reporter-output>
        </test-method> <!-- SetUp -->
        <test-method signature="LoginSuccessTest()[pri:0, instance:testcases.LoginTest@5ddcc487]" started-at="2023-11-29T12:50:23Z" name="LoginSuccessTest" finished-at="2023-11-29T12:50:36Z" duration-ms="13445" status="PASS">
          <reporter-output>
          </reporter-output>
        </test-method> <!-- LoginSuccessTest -->
        <test-method is-config="true" signature="TearDown()[pri:0, instance:testcases.LoginTest@5ddcc487]" started-at="2023-11-29T12:50:36Z" name="TearDown" finished-at="2023-11-29T12:50:37Z" duration-ms="155" status="PASS">
          <reporter-output>
          </reporter-output>
        </test-method> <!-- TearDown -->
      </class> <!-- testcases.LoginTest -->
    </test> <!-- Default test -->
  </suite> <!-- Default suite -->
</testng-results>
